<?xml version="1.0" encoding="UTF-8"?>
<!-- Generated by org.testng.reporters.JUnitXMLReporter -->
<testsuite ignored="0" hostname="DESKTOP-U3NOTER" failures="1" tests="1" name="chrome Test(failed)(failed)" time="18.669" errors="0" timestamp="2024-09-24T23:37:17 IST">
  <testcase classname="testCases.TC002_LoginTest" name="verify_Login" time="12.257">
    <failure type="java.lang.AssertionError" message="expected [true] but found [false]">
      <![CDATA[java.lang.AssertionError: expected [true] but found [false]
at testCases.TC002_LoginTest.verify_Login(TC002_LoginTest.java:45)
at java.base/java.util.ArrayList.forEach(ArrayList.java:1511)
... Removed 31 stack frames]]>
    </failure>
  </testcase> <!-- verify_Login -->
</testsuite> <!-- chrome Test(failed)(failed) -->
